2015-07-16 23:47:55 Workerman[/home/web/public_html/default/Chat/server.php] start in DEBUG mode
2015-07-16 23:48:04 Workerman[/home/web/public_html/default/Chat/server.php] start in DEBUG mode
2015-07-16 23:48:12 Workerman[/home/web/public_html/default/Chat/server.php] start in DEBUG mode
2015-07-16 23:50:22 Workerman[/home/web/public_html/default/Chat/server.php] start in DEBUG mode
2015-07-16 23:52:31 Workerman[server.php] Stopping ...
2015-07-16 23:52:31 Workerman[server.php] has been stopped
2015-07-16 23:52:32 Workerman[/home/web/public_html/default/Chat/server.php] start in DEBUG mode
2015-07-16 23:54:46 Workerman[server.php] Stopping ...
2015-07-16 23:54:46 Workerman[server.php] has been stopped
2015-07-16 23:54:49 Workerman[/home/web/public_html/default/Chat/server.php] start in DEBUG mode
2015-07-16 23:56:25 Workerman[server.php] Stopping ...
2015-07-16 23:56:25 Workerman[server.php] has been stopped
2015-07-16 23:56:27 Workerman[/home/web/public_html/default/Chat/server.php] start in DEBUG mode
2015-07-16 23:57:57 Workerman[server.php] Stopping ...
2015-07-16 23:57:57 Workerman[server.php] has been stopped
2015-07-16 23:57:58 Workerman[/home/web/public_html/default/Chat/server.php] start in DEBUG mode
2015-07-16 23:59:31 Workerman[server.php] Stopping ...
2015-07-16 23:59:31 Workerman[server.php] has been stopped
2015-07-16 23:59:31 Workerman[/home/web/public_html/default/Chat/server.php] start in DEBUG mode
2015-07-17 00:01:12 Workerman[server.php] Stopping ...
2015-07-17 00:01:13 Workerman[server.php] has been stopped
2015-07-17 00:01:57 Workerman[/home/web/public_html/default/Chat/server.php] start in DEBUG mode
2015-07-17 00:13:10 Workerman[server.php] Stopping ...
2015-07-17 00:13:10 Workerman[server.php] has been stopped
2015-07-17 00:13:12 Workerman[/home/web/public_html/default/Chat/server.php] start in DEBUG mode
2015-07-17 00:14:41 Workerman[server.php] Stopping ...
2015-07-17 00:14:41 Workerman[server.php] has been stopped
2015-07-17 00:14:44 Workerman[/home/web/public_html/default/Chat/server.php] start in DEBUG mode
2015-07-17 00:14:48 Workerman[server.php] Stopping ...
2015-07-17 00:14:48 Workerman[server.php] has been stopped
2015-07-17 00:16:00 Workerman[/home/web/public_html/default/Chat/server.php] start in DEBUG mode
2015-07-17 00:34:19 Workerman[server.php] Stopping ...
2015-07-17 00:34:19 Workerman[server.php] has been stopped
2015-07-17 00:34:19 Workerman[/home/web/public_html/default/Chat/server.php] start in DEBUG mode
2015-07-17 00:37:12 Workerman[server.php] Stopping ...
2015-07-17 00:37:12 Workerman[server.php] has been stopped
2015-07-17 00:37:14 Workerman[/home/web/public_html/default/Chat/server.php] start in DEBUG mode
2015-07-17 00:37:16 WORKER EXIT UNEXPECTED E_ERROR Unsupported operand types in /home/web/public_html/default/Chat/server.php on line 21
2015-07-17 00:37:16 worker[none:12517] exit with status 65280
2015-07-17 00:37:21 WORKER EXIT UNEXPECTED E_ERROR Unsupported operand types in /home/web/public_html/default/Chat/server.php on line 21
2015-07-17 00:37:21 worker[none:12524] exit with status 65280
2015-07-17 00:38:18 WORKER EXIT UNEXPECTED E_ERROR Unsupported operand types in /home/web/public_html/default/Chat/server.php on line 21
2015-07-17 00:38:18 worker[none:12525] exit with status 65280
2015-07-17 00:38:20 Workerman[server.php] Stopping ...
2015-07-17 00:38:20 Workerman[server.php] has been stopped
2015-07-17 00:38:21 Workerman[/home/web/public_html/default/Chat/server.php] start in DEBUG mode
2015-07-17 00:39:44 Workerman[server.php] Stopping ...
2015-07-17 00:39:44 Workerman[server.php] has been stopped
2015-07-17 00:39:45 Workerman[/home/web/public_html/default/Chat/server.php] start in DEBUG mode
2015-07-17 00:44:16 Workerman[server.php] Stopping ...
2015-07-17 00:44:16 Workerman[server.php] has been stopped
2015-07-17 00:44:30 Workerman[/home/web/public_html/default/Chat/server.php] start in DEBUG mode
2015-07-17 00:44:36 Workerman[server.php] Stopping ...
2015-07-17 00:44:37 Workerman[server.php] has been stopped
2015-07-17 00:45:03 Workerman[/home/web/public_html/default/Chat/server.php] start in DEBUG mode
2015-07-17 10:25:01 Workerman[/home/web/public_html/default/Chat/server.php] status 
2015-07-17 10:25:08 Workerman[/home/web/public_html/default/Chat/server.php] stop 
2015-07-17 10:25:08 Workerman[/home/web/public_html/default/Chat/server.php] is stoping ...
2015-07-17 10:25:08 Workerman[server.php] Stopping ...
2015-07-17 10:25:08 Workerman[server.php] has been stopped
2015-07-17 10:25:08 Workerman[/home/web/public_html/default/Chat/server.php] stop success
2015-07-17 10:25:18 Workerman[/home/web/public_html/default/Chat/server.php] start in DEBUG mode
2015-07-17 10:25:20 Workerman[server.php] Stopping ...
2015-07-17 10:25:20 Workerman[server.php] has been stopped
2015-07-17 10:25:34 Workerman[/home/web/public_html/default/Chat/server.php] start in DEBUG mode
